<?xml version="1.0" encoding="UTF-8"?>
<testsuite xmlns:xsi="http://www.w3.org/2001/XMLSchema-instance" xsi:noNamespaceSchemaLocation="https://maven.apache.org/surefire/maven-surefire-plugin/xsd/surefire-test-report-3.0.xsd" version="3.0" name="com.thefallersgames.PluginTest" time="0.048" tests="1" errors="0" skipped="0" failures="0">
  <properties>
    <property name="java.specification.version" value="21"/>
    <property name="sun.cpu.isalist" value="amd64"/>
    <property name="sun.jnu.encoding" value="Cp1252"/>
    <property name="java.class.path" value="c:\Users\Thijn\Desktop\Projects\bettermanhunt\target\test-classes;c:\Users\Thijn\Desktop\Projects\bettermanhunt\target\classes;C:\Users\Thijn\.m2\repository\org\spigotmc\spigot-api\1.15.1-R0.1-SNAPSHOT\spigot-api-1.15.1-R0.1-SNAPSHOT.jar;C:\Users\Thijn\.m2\repository\commons-lang\commons-lang\2.6\commons-lang-2.6.jar;C:\Users\Thijn\.m2\repository\com\google\guava\guava\21.0\guava-21.0.jar;C:\Users\Thijn\.m2\repository\com\google\code\gson\gson\2.8.0\gson-2.8.0.jar;C:\Users\Thijn\.m2\repository\net\md-5\bungeecord-chat\1.13-SNAPSHOT\bungeecord-chat-1.13-SNAPSHOT.jar;C:\Users\Thijn\.m2\repository\org\yaml\snakeyaml\1.25\snakeyaml-1.25.jar;C:\Users\Thijn\.m2\repository\org\mvplugins\multiverse\core\multiverse-core\5.0.0-SNAPSHOT\multiverse-core-5.0.0-SNAPSHOT.jar;C:\Users\Thijn\.m2\repository\org\mvplugins\multiverse\inventories\multiverse-inventories\5.0.0-SNAPSHOT\multiverse-inventories-5.0.0-SNAPSHOT.jar;C:\Users\Thijn\.m2\repository\junit\junit\4.13.2\junit-4.13.2.jar;C:\Users\Thijn\.m2\repository\org\hamcrest\hamcrest-core\1.3\hamcrest-core-1.3.jar;"/>
    <property name="java.vm.vendor" value="Amazon.com Inc."/>
    <property name="sun.arch.data.model" value="64"/>
    <property name="user.variant" value=""/>
    <property name="java.vendor.url" value="https://aws.amazon.com/corretto/"/>
    <property name="user.timezone" value="Europe/Amsterdam"/>
    <property name="user.country.format" value="NL"/>
    <property name="os.name" value="Windows 11"/>
    <property name="java.vm.specification.version" value="21"/>
    <property name="sun.java.launcher" value="SUN_STANDARD"/>
    <property name="user.country" value="US"/>
    <property name="sun.boot.library.path" value="C:\Program Files\Amazon Corretto\jdk21.0.7_6\bin"/>
    <property name="sun.java.command" value="C:\Users\Thijn\AppData\Local\Temp\surefire15561822553943732837\surefirebooter-20250619212931265_3.jar C:\Users\Thijn\AppData\Local\Temp\surefire15561822553943732837 2025-06-19T21-29-31_163-jvmRun1 surefire-20250619212931265_1tmp surefire_0-20250619212931265_2tmp"/>
    <property name="jdk.debug" value="release"/>
    <property name="surefire.test.class.path" value="c:\Users\Thijn\Desktop\Projects\bettermanhunt\target\test-classes;c:\Users\Thijn\Desktop\Projects\bettermanhunt\target\classes;C:\Users\Thijn\.m2\repository\org\spigotmc\spigot-api\1.15.1-R0.1-SNAPSHOT\spigot-api-1.15.1-R0.1-SNAPSHOT.jar;C:\Users\Thijn\.m2\repository\commons-lang\commons-lang\2.6\commons-lang-2.6.jar;C:\Users\Thijn\.m2\repository\com\google\guava\guava\21.0\guava-21.0.jar;C:\Users\Thijn\.m2\repository\com\google\code\gson\gson\2.8.0\gson-2.8.0.jar;C:\Users\Thijn\.m2\repository\net\md-5\bungeecord-chat\1.13-SNAPSHOT\bungeecord-chat-1.13-SNAPSHOT.jar;C:\Users\Thijn\.m2\repository\org\yaml\snakeyaml\1.25\snakeyaml-1.25.jar;C:\Users\Thijn\.m2\repository\org\mvplugins\multiverse\core\multiverse-core\5.0.0-SNAPSHOT\multiverse-core-5.0.0-SNAPSHOT.jar;C:\Users\Thijn\.m2\repository\org\mvplugins\multiverse\inventories\multiverse-inventories\5.0.0-SNAPSHOT\multiverse-inventories-5.0.0-SNAPSHOT.jar;C:\Users\Thijn\.m2\repository\junit\junit\4.13.2\junit-4.13.2.jar;C:\Users\Thijn\.m2\repository\org\hamcrest\hamcrest-core\1.3\hamcrest-core-1.3.jar;"/>
    <property name="sun.cpu.endian" value="little"/>
    <property name="user.home" value="C:\Users\Thijn"/>
    <property name="user.language" value="en"/>
    <property name="java.specification.vendor" value="Oracle Corporation"/>
    <property name="java.version.date" value="2025-04-15"/>
    <property name="java.home" value="C:\Program Files\Amazon Corretto\jdk21.0.7_6"/>
    <property name="file.separator" value="\"/>
    <property name="basedir" value="c:\Users\Thijn\Desktop\Projects\bettermanhunt"/>
    <property name="java.vm.compressedOopsMode" value="Zero based"/>
    <property name="line.separator" value="&#10;"/>
    <property name="java.vm.specification.vendor" value="Oracle Corporation"/>
    <property name="java.specification.name" value="Java Platform API Specification"/>
    <property name="surefire.real.class.path" value="C:\Users\Thijn\AppData\Local\Temp\surefire15561822553943732837\surefirebooter-20250619212931265_3.jar"/>
    <property name="user.script" value=""/>
    <property name="sun.management.compiler" value="HotSpot 64-Bit Tiered Compilers"/>
    <property name="java.runtime.version" value="21.0.7+6-LTS"/>
    <property name="user.name" value="Thijn"/>
    <property name="stdout.encoding" value="Cp1252"/>
    <property name="path.separator" value=";"/>
    <property name="os.version" value="10.0"/>
    <property name="java.runtime.name" value="OpenJDK Runtime Environment"/>
    <property name="file.encoding" value="UTF-8"/>
    <property name="java.vm.name" value="OpenJDK 64-Bit Server VM"/>
    <property name="java.vendor.version" value="Corretto-21.0.7.6.1"/>
    <property name="localRepository" value="C:\Users\Thijn\.m2\repository"/>
    <property name="java.vendor.url.bug" value="https://github.com/corretto/corretto-21/issues/"/>
    <property name="java.io.tmpdir" value="C:\Users\Thijn\AppData\Local\Temp\"/>
    <property name="java.version" value="21.0.7"/>
    <property name="user.dir" value="c:\Users\Thijn\Desktop\Projects\bettermanhunt"/>
    <property name="os.arch" value="amd64"/>
    <property name="java.vm.specification.name" value="Java Virtual Machine Specification"/>
    <property name="sun.os.patch.level" value=""/>
    <property name="native.encoding" value="Cp1252"/>
    <property name="java.library.path" value="C:\Program Files\Amazon Corretto\jdk21.0.7_6\bin;C:\WINDOWS\Sun\Java\bin;C:\WINDOWS\system32;C:\WINDOWS;C:\Program Files\Microsoft\jdk-21.0.7.6-hotspot\bin;C:\Program Files\Amazon Corretto\jdk21.0.7_6\bin;C:\WINDOWS\system32;C:\WINDOWS;C:\WINDOWS\System32\Wbem;C:\WINDOWS\System32\WindowsPowerShell\v1.0\;C:\WINDOWS\System32\OpenSSH\;C:\Program Files\dotnet\;C:\Program Files\Git\cmd;C:\Program Files\nodejs\;C:\ProgramData\ComposerSetup\bin;C:\Program Files (x86)\NVIDIA Corporation\PhysX\Common;C:\Users\Thijn\scoop\apps\maven\current\bin;C:\Users\Thijn\scoop\shims;C:\Users\Thijn\AppData\Local\Microsoft\WindowsApps;C:\Users\Thijn\AppData\Local\Programs\Microsoft VS Code\bin;C:\Users\Thijn\.dotnet\tools;C:\Users\Thijn\AppData\Roaming\npm;C:\Program Files\php-8.3;C:\Users\Thijn\AppData\Roaming\Composer\vendor\bin;C:\platform-tools;."/>
    <property name="java.vm.info" value="mixed mode, sharing"/>
    <property name="stderr.encoding" value="Cp1252"/>
    <property name="java.vendor" value="Amazon.com Inc."/>
    <property name="java.vm.version" value="21.0.7+6-LTS"/>
    <property name="sun.io.unicode.encoding" value="UnicodeLittle"/>
    <property name="java.class.version" value="65.0"/>
  </properties>
  <testcase name="shouldAnswerWithTrue" classname="com.thefallersgames.PluginTest" time="0.003"/>
</testsuite>