<?xml version="1.0" encoding="UTF-8"?>
<testsuite xmlns:xsi="http://www.w3.org/2001/XMLSchema-instance" xsi:noNamespaceSchemaLocation="https://maven.apache.org/surefire/maven-surefire-plugin/xsd/surefire-test-report.xsd" name="com.thefallersgames.MinecraftVersionCompatibilityTest" time="2.572" tests="15" errors="0" skipped="0" failures="0">
  <properties>
    <property name="java.specification.version" value="21"/>
    <property name="sun.cpu.isalist" value="amd64"/>
    <property name="sun.jnu.encoding" value="Cp1252"/>
    <property name="java.class.path" value="c:\Users\Thijn\Desktop\Projects\bettermanhunt\target\test-classes;c:\Users\Thijn\Desktop\Projects\bettermanhunt\target\classes;C:\Users\Thijn\.m2\repository\org\spigotmc\spigot-api\1.15.1-R0.1-SNAPSHOT\spigot-api-1.15.1-R0.1-SNAPSHOT.jar;C:\Users\Thijn\.m2\repository\commons-lang\commons-lang\2.6\commons-lang-2.6.jar;C:\Users\Thijn\.m2\repository\com\google\guava\guava\21.0\guava-21.0.jar;C:\Users\Thijn\.m2\repository\com\google\code\gson\gson\2.8.0\gson-2.8.0.jar;C:\Users\Thijn\.m2\repository\net\md-5\bungeecord-chat\1.13-SNAPSHOT\bungeecord-chat-1.13-SNAPSHOT.jar;C:\Users\Thijn\.m2\repository\org\yaml\snakeyaml\1.25\snakeyaml-1.25.jar;C:\Users\Thijn\.m2\repository\com\onarandombox\multiversecore\Multiverse-Core\4.3.1\Multiverse-Core-4.3.1.jar;C:\Users\Thijn\.m2\repository\junit\junit\4.13.2\junit-4.13.2.jar;C:\Users\Thijn\.m2\repository\org\hamcrest\hamcrest-core\1.3\hamcrest-core-1.3.jar;C:\Users\Thijn\.m2\repository\org\mockito\mockito-core\3.12.4\mockito-core-3.12.4.jar;C:\Users\Thijn\.m2\repository\net\bytebuddy\byte-buddy\1.11.13\byte-buddy-1.11.13.jar;C:\Users\Thijn\.m2\repository\net\bytebuddy\byte-buddy-agent\1.11.13\byte-buddy-agent-1.11.13.jar;C:\Users\Thijn\.m2\repository\org\objenesis\objenesis\3.2\objenesis-3.2.jar;C:\Users\Thijn\.m2\repository\org\powermock\powermock-module-junit4\2.0.9\powermock-module-junit4-2.0.9.jar;C:\Users\Thijn\.m2\repository\org\powermock\powermock-module-junit4-common\2.0.9\powermock-module-junit4-common-2.0.9.jar;C:\Users\Thijn\.m2\repository\org\powermock\powermock-reflect\2.0.9\powermock-reflect-2.0.9.jar;C:\Users\Thijn\.m2\repository\org\powermock\powermock-core\2.0.9\powermock-core-2.0.9.jar;C:\Users\Thijn\.m2\repository\org\javassist\javassist\3.27.0-GA\javassist-3.27.0-GA.jar;C:\Users\Thijn\.m2\repository\org\powermock\powermock-api-mockito2\2.0.9\powermock-api-mockito2-2.0.9.jar;C:\Users\Thijn\.m2\repository\org\powermock\powermock-api-support\2.0.9\powermock-api-support-2.0.9.jar;"/>
    <property name="java.vm.vendor" value="Amazon.com Inc."/>
    <property name="sun.arch.data.model" value="64"/>
    <property name="user.variant" value=""/>
    <property name="java.vendor.url" value="https://aws.amazon.com/corretto/"/>
    <property name="user.timezone" value="Europe/Amsterdam"/>
    <property name="user.country.format" value="NL"/>
    <property name="os.name" value="Windows 11"/>
    <property name="java.vm.specification.version" value="21"/>
    <property name="sun.java.launcher" value="SUN_STANDARD"/>
    <property name="user.country" value="US"/>
    <property name="sun.boot.library.path" value="C:\Program Files\Amazon Corretto\jdk21.0.7_6\bin"/>
    <property name="sun.java.command" value="C:\Users\Thijn\AppData\Local\Temp\surefire5107489851496201033\surefirebooter6501609133371498265.jar C:\Users\Thijn\AppData\Local\Temp\surefire5107489851496201033 2025-06-16T22-53-27_575-jvmRun1 surefire4746286988013120901tmp surefire_016334789928441024946tmp"/>
    <property name="jdk.debug" value="release"/>
    <property name="surefire.test.class.path" value="c:\Users\Thijn\Desktop\Projects\bettermanhunt\target\test-classes;c:\Users\Thijn\Desktop\Projects\bettermanhunt\target\classes;C:\Users\Thijn\.m2\repository\org\spigotmc\spigot-api\1.15.1-R0.1-SNAPSHOT\spigot-api-1.15.1-R0.1-SNAPSHOT.jar;C:\Users\Thijn\.m2\repository\commons-lang\commons-lang\2.6\commons-lang-2.6.jar;C:\Users\Thijn\.m2\repository\com\google\guava\guava\21.0\guava-21.0.jar;C:\Users\Thijn\.m2\repository\com\google\code\gson\gson\2.8.0\gson-2.8.0.jar;C:\Users\Thijn\.m2\repository\net\md-5\bungeecord-chat\1.13-SNAPSHOT\bungeecord-chat-1.13-SNAPSHOT.jar;C:\Users\Thijn\.m2\repository\org\yaml\snakeyaml\1.25\snakeyaml-1.25.jar;C:\Users\Thijn\.m2\repository\com\onarandombox\multiversecore\Multiverse-Core\4.3.1\Multiverse-Core-4.3.1.jar;C:\Users\Thijn\.m2\repository\junit\junit\4.13.2\junit-4.13.2.jar;C:\Users\Thijn\.m2\repository\org\hamcrest\hamcrest-core\1.3\hamcrest-core-1.3.jar;C:\Users\Thijn\.m2\repository\org\mockito\mockito-core\3.12.4\mockito-core-3.12.4.jar;C:\Users\Thijn\.m2\repository\net\bytebuddy\byte-buddy\1.11.13\byte-buddy-1.11.13.jar;C:\Users\Thijn\.m2\repository\net\bytebuddy\byte-buddy-agent\1.11.13\byte-buddy-agent-1.11.13.jar;C:\Users\Thijn\.m2\repository\org\objenesis\objenesis\3.2\objenesis-3.2.jar;C:\Users\Thijn\.m2\repository\org\powermock\powermock-module-junit4\2.0.9\powermock-module-junit4-2.0.9.jar;C:\Users\Thijn\.m2\repository\org\powermock\powermock-module-junit4-common\2.0.9\powermock-module-junit4-common-2.0.9.jar;C:\Users\Thijn\.m2\repository\org\powermock\powermock-reflect\2.0.9\powermock-reflect-2.0.9.jar;C:\Users\Thijn\.m2\repository\org\powermock\powermock-core\2.0.9\powermock-core-2.0.9.jar;C:\Users\Thijn\.m2\repository\org\javassist\javassist\3.27.0-GA\javassist-3.27.0-GA.jar;C:\Users\Thijn\.m2\repository\org\powermock\powermock-api-mockito2\2.0.9\powermock-api-mockito2-2.0.9.jar;C:\Users\Thijn\.m2\repository\org\powermock\powermock-api-support\2.0.9\powermock-api-support-2.0.9.jar;"/>
    <property name="sun.cpu.endian" value="little"/>
    <property name="user.home" value="C:\Users\Thijn"/>
    <property name="user.language" value="en"/>
    <property name="java.specification.vendor" value="Oracle Corporation"/>
    <property name="java.version.date" value="2025-04-15"/>
    <property name="java.home" value="C:\Program Files\Amazon Corretto\jdk21.0.7_6"/>
    <property name="file.separator" value="\"/>
    <property name="basedir" value="c:\Users\Thijn\Desktop\Projects\bettermanhunt"/>
    <property name="java.vm.compressedOopsMode" value="Zero based"/>
    <property name="line.separator" value="&#10;"/>
    <property name="java.vm.specification.vendor" value="Oracle Corporation"/>
    <property name="java.specification.name" value="Java Platform API Specification"/>
    <property name="surefire.real.class.path" value="C:\Users\Thijn\AppData\Local\Temp\surefire5107489851496201033\surefirebooter6501609133371498265.jar"/>
    <property name="user.script" value=""/>
    <property name="sun.management.compiler" value="HotSpot 64-Bit Tiered Compilers"/>
    <property name="java.runtime.version" value="21.0.7+6-LTS"/>
    <property name="user.name" value="Thijn"/>
    <property name="stdout.encoding" value="Cp1252"/>
    <property name="path.separator" value=";"/>
    <property name="os.version" value="10.0"/>
    <property name="java.runtime.name" value="OpenJDK Runtime Environment"/>
    <property name="file.encoding" value="UTF-8"/>
    <property name="java.vm.name" value="OpenJDK 64-Bit Server VM"/>
    <property name="java.vendor.version" value="Corretto-21.0.7.6.1"/>
    <property name="localRepository" value="C:\Users\Thijn\.m2\repository"/>
    <property name="java.vendor.url.bug" value="https://github.com/corretto/corretto-21/issues/"/>
    <property name="java.io.tmpdir" value="C:\Users\Thijn\AppData\Local\Temp\"/>
    <property name="java.version" value="21.0.7"/>
    <property name="user.dir" value="c:\Users\Thijn\Desktop\Projects\bettermanhunt"/>
    <property name="os.arch" value="amd64"/>
    <property name="java.vm.specification.name" value="Java Virtual Machine Specification"/>
    <property name="sun.os.patch.level" value=""/>
    <property name="native.encoding" value="Cp1252"/>
    <property name="java.library.path" value="C:\Program Files\Amazon Corretto\jdk21.0.7_6\bin;C:\WINDOWS\Sun\Java\bin;C:\WINDOWS\system32;C:\WINDOWS;C:\Program Files\Microsoft\jdk-21.0.7.6-hotspot\bin;C:\Program Files\Amazon Corretto\jdk21.0.7_6\bin;C:\WINDOWS\system32;C:\WINDOWS;C:\WINDOWS\System32\Wbem;C:\WINDOWS\System32\WindowsPowerShell\v1.0\;C:\WINDOWS\System32\OpenSSH\;C:\Program Files\dotnet\;C:\Program Files\Git\cmd;C:\Program Files\nodejs\;C:\ProgramData\ComposerSetup\bin;C:\Program Files (x86)\NVIDIA Corporation\PhysX\Common;C:\Users\Thijn\scoop\apps\maven\current\bin;C:\Users\Thijn\scoop\shims;C:\Users\Thijn\AppData\Local\Microsoft\WindowsApps;C:\Users\Thijn\AppData\Local\Programs\Microsoft VS Code\bin;C:\Users\Thijn\.dotnet\tools;C:\Users\Thijn\AppData\Roaming\npm;C:\Program Files\php-8.3;C:\Users\Thijn\AppData\Roaming\Composer\vendor\bin;C:\platform-tools;."/>
    <property name="java.vm.info" value="mixed mode, sharing"/>
    <property name="stderr.encoding" value="Cp1252"/>
    <property name="java.vendor" value="Amazon.com Inc."/>
    <property name="java.vm.version" value="21.0.7+6-LTS"/>
    <property name="sun.io.unicode.encoding" value="UnicodeLittle"/>
    <property name="java.class.version" value="65.0"/>
  </properties>
  <testcase name="testPluginInitialization[Bukkit 1.8.8-R0.1-SNAPSHOT]" classname="com.thefallersgames.MinecraftVersionCompatibilityTest" time="1.239"/>
  <testcase name="testPluginInitialization[Bukkit 1.9.4-R0.1-SNAPSHOT]" classname="com.thefallersgames.MinecraftVersionCompatibilityTest" time="0.005"/>
  <testcase name="testPluginInitialization[Bukkit 1.10.2-R0.1-SNAPSHOT]" classname="com.thefallersgames.MinecraftVersionCompatibilityTest" time="0.004"/>
  <testcase name="testPluginInitialization[Bukkit 1.11.2-R0.1-SNAPSHOT]" classname="com.thefallersgames.MinecraftVersionCompatibilityTest" time="0.003"/>
  <testcase name="testPluginInitialization[Bukkit 1.12.2-R0.1-SNAPSHOT]" classname="com.thefallersgames.MinecraftVersionCompatibilityTest" time="0.003"/>
  <testcase name="testPluginInitialization[Bukkit 1.13.2-R0.1-SNAPSHOT]" classname="com.thefallersgames.MinecraftVersionCompatibilityTest" time="0.003"/>
  <testcase name="testPluginInitialization[Bukkit 1.14.4-R0.1-SNAPSHOT]" classname="com.thefallersgames.MinecraftVersionCompatibilityTest" time="0.003"/>
  <testcase name="testPluginInitialization[Bukkit 1.15.2-R0.1-SNAPSHOT]" classname="com.thefallersgames.MinecraftVersionCompatibilityTest" time="0.003"/>
  <testcase name="testPluginInitialization[Bukkit 1.16.5-R0.1-SNAPSHOT]" classname="com.thefallersgames.MinecraftVersionCompatibilityTest" time="0.003"/>
  <testcase name="testPluginInitialization[Bukkit 1.17.1-R0.1-SNAPSHOT]" classname="com.thefallersgames.MinecraftVersionCompatibilityTest" time="0.003"/>
  <testcase name="testPluginInitialization[Bukkit 1.18.2-R0.1-SNAPSHOT]" classname="com.thefallersgames.MinecraftVersionCompatibilityTest" time="0.003"/>
  <testcase name="testPluginInitialization[Bukkit 1.19.4-R0.1-SNAPSHOT]" classname="com.thefallersgames.MinecraftVersionCompatibilityTest" time="0.004"/>
  <testcase name="testPluginInitialization[Bukkit 1.20.1-R0.1-SNAPSHOT]" classname="com.thefallersgames.MinecraftVersionCompatibilityTest" time="0.004"/>
  <testcase name="testPluginInitialization[Bukkit 1.20.4-R0.1-SNAPSHOT]" classname="com.thefallersgames.MinecraftVersionCompatibilityTest" time="0.002"/>
  <testcase name="testPluginInitialization[Bukkit 1.20.5-R0.1-SNAPSHOT]" classname="com.thefallersgames.MinecraftVersionCompatibilityTest" time="0.002"/>
</testsuite>